2023-08-10 23:35:57 - INFO - 加载上一次输入
2023-08-10 23:36:08 - INFO - ====检查路径是否合法====
2023-08-10 23:36:08 - INFO - ===保存输入完成===
2023-08-10 23:36:08 - INFO - ====正在搜索路径内的所有音频文件====
2023-08-10 23:39:14 - INFO - 加载上一次输入
2023-08-10 23:39:17 - INFO - ====检查路径是否合法====
2023-08-10 23:39:17 - INFO - ===保存输入完成===
2023-08-10 23:39:17 - INFO - ====正在搜索路径内的所有音频文件====
2023-08-10 23:39:38 - INFO - 加载上一次输入
2023-08-10 23:39:39 - INFO - ====检查路径是否合法====
2023-08-10 23:39:39 - INFO - ===保存输入完成===
2023-08-10 23:39:39 - INFO - ====正在搜索路径内的所有音频文件====
2023-08-10 23:40:09 - INFO - ====检查路径是否合法====
2023-08-10 23:40:09 - INFO - ===保存输入完成===
2023-08-10 23:40:09 - INFO - ====正在搜索路径内的所有音频文件====
2023-08-10 23:40:18 - INFO - 加载上一次输入
2023-08-10 23:40:19 - INFO - ====检查路径是否合法====
2023-08-10 23:40:19 - INFO - ===保存输入完成===
2023-08-10 23:40:19 - INFO - ====正在搜索路径内的所有音频文件====
2023-08-10 23:40:19 - INFO - ====日志文件创建====
2023-08-10 23:40:19 - INFO - ====设备连接完成====
2023-08-10 23:41:02 - INFO - 加载上一次输入
2023-08-10 23:41:03 - INFO - ====检查路径是否合法====
2023-08-10 23:41:03 - INFO - ===保存输入完成===
2023-08-10 23:41:03 - INFO - ====正在搜索路径内的所有音频文件====
2023-08-10 23:41:03 - INFO - ====日志文件创建====
2023-08-10 23:41:03 - INFO - ====设备连接完成====
2023-08-10 23:42:25 - INFO - 加载上一次输入
2023-08-10 23:42:27 - INFO - ====检查路径是否合法====
2023-08-10 23:42:27 - INFO - ===保存输入完成===
2023-08-10 23:42:27 - INFO - ====正在搜索路径内的所有音频文件====
2023-08-10 23:42:27 - INFO - ====日志文件创建====
2023-08-10 23:42:27 - INFO - ====设备连接完成====
2023-08-10 23:42:27 - INFO - ====测试开始====
2023-08-10 23:42:27 - INFO - 测试完成

2023-08-10 23:44:53 - INFO - 加载上一次输入
2023-08-10 23:44:54 - INFO - ====检查路径是否合法====
2023-08-10 23:44:54 - INFO - ===保存输入完成===
2023-08-10 23:44:54 - INFO - ====正在搜索路径内的所有音频文件====
2023-08-10 23:44:54 - INFO - ====日志文件创建====
2023-08-10 23:44:54 - INFO - ====设备连接完成====
2023-08-10 23:44:54 - INFO - ====测试开始====
2023-08-10 23:44:54 - INFO - 测试完成

2023-08-10 23:47:09 - INFO - 加载上一次输入
2023-08-10 23:47:10 - INFO - ====检查路径是否合法====
2023-08-10 23:47:10 - INFO - ===保存输入完成===
2023-08-10 23:47:10 - INFO - ====正在搜索路径内的所有音频文件====
2023-08-10 23:47:10 - INFO - ====日志文件创建====
2023-08-10 23:47:10 - INFO - ====设备连接完成====
2023-08-10 23:47:10 - INFO - ====测试开始====
2023-08-10 23:49:44 - INFO - 加载上一次输入
2023-08-10 23:49:44 - INFO - ====检查路径是否合法====
2023-08-10 23:49:44 - INFO - ===保存输入完成===
2023-08-10 23:49:44 - INFO - ====正在搜索路径内的所有音频文件====
2023-08-10 23:49:44 - INFO - ====日志文件创建====
2023-08-10 23:49:44 - INFO - ====设备连接完成====
2023-08-10 23:49:44 - INFO - ====测试开始====
2023-08-10 23:51:58 - INFO - 加载上一次输入
2023-08-10 23:52:25 - INFO - ====检查路径是否合法====
2023-08-10 23:52:25 - INFO - ===保存输入完成===
2023-08-10 23:52:25 - INFO - ====正在搜索路径内的所有音频文件====
2023-08-10 23:52:25 - INFO - ====日志文件创建====
2023-08-10 23:52:25 - INFO - ====设备连接完成====
2023-08-10 23:52:25 - INFO - ====测试开始====
2023-08-10 23:54:42 - INFO - 加载上一次输入
2023-08-10 23:54:43 - INFO - ====检查路径是否合法====
2023-08-10 23:54:43 - INFO - ===保存输入完成===
2023-08-10 23:54:43 - INFO - ====正在搜索路径内的所有音频文件====
2023-08-10 23:54:43 - INFO - ====日志文件创建====
2023-08-10 23:54:43 - INFO - ====设备连接完成====
2023-08-10 23:54:43 - INFO - ====测试开始====
2023-08-10 23:54:51 - INFO - NO.1:DCMB_272.wav
2023-08-10 23:54:51 - INFO - expected：hello_mofei 
actual：
2023-08-10 23:54:51 - INFO - result: False

2023-08-10 23:54:56 - INFO - 唤醒总数：1 唤醒正确数：0
2023-08-10 23:54:56 - INFO - 准确率：0.0% 拒识率：100.0%
2023-08-10 23:54:56 - INFO - 测试完成

2023-08-11 00:00:57 - INFO - 加载上一次输入
2023-08-11 00:00:58 - INFO - ====检查路径是否合法====
2023-08-11 00:00:58 - INFO - ===保存输入完成===
2023-08-11 00:00:58 - INFO - ====正在搜索路径内的所有音频文件====
2023-08-11 00:00:58 - INFO - ====日志文件创建====
2023-08-11 00:00:58 - INFO - 设备连接：1
2023-08-11 00:00:58 - INFO - 日志初始pull：1
2023-08-11 00:00:58 - INFO - ====设备连接完成====
2023-08-11 00:00:58 - INFO - ====测试开始====
2023-08-11 00:01:05 - INFO - NO.1:DCMB_272.wav
2023-08-11 00:01:05 - INFO - expected：hello_mofei 
actual：
2023-08-11 00:01:05 - INFO - result: False

2023-08-11 01:33:51 - INFO - 加载上一次输入
2023-08-11 01:33:57 - INFO - ====检查路径是否合法====
2023-08-11 01:33:57 - INFO - ===保存输入完成===
2023-08-11 01:33:57 - INFO - ====正在搜索路径内的所有音频文件====
2023-08-11 01:33:57 - INFO - ====日志文件创建====
2023-08-11 01:33:57 - ERROR - could not open port 'COM13': FileNotFoundError(2, '系统找不到指定的文件。', None, 2)
2023-08-11 02:31:17 - INFO - 加载上一次输入
2023-08-11 02:31:18 - INFO - ====检查路径是否合法====
2023-08-11 02:31:18 - INFO - ===保存输入完成===
2023-08-11 02:31:18 - INFO - ====正在搜索路径内的所有音频文件====
2023-08-11 02:31:18 - INFO - ====日志文件创建====
2023-08-11 02:39:56 - INFO - 加载上一次输入
2023-08-11 02:39:57 - INFO - ====检查路径是否合法====
2023-08-11 02:39:57 - INFO - ===保存输入完成===
2023-08-11 02:39:57 - INFO - ====正在搜索路径内的所有音频文件====
2023-08-11 02:39:57 - INFO - ====日志文件创建====
2023-08-11 02:39:57 - INFO - 设备连接：
2023-08-11 02:44:05 - INFO - 加载上一次输入
2023-08-11 02:44:06 - INFO - ====检查路径是否合法====
2023-08-11 02:44:06 - INFO - ===保存输入完成===
2023-08-11 02:44:06 - INFO - ====正在搜索路径内的所有音频文件====
2023-08-11 02:44:06 - INFO - ====日志文件创建====
2023-08-11 02:44:06 - INFO - 设备连接：
2023-08-11 02:45:30 - INFO - 加载上一次输入
2023-08-11 02:45:31 - INFO - ====检查路径是否合法====
2023-08-11 02:45:31 - INFO - ===保存输入完成===
2023-08-11 02:45:31 - INFO - ====正在搜索路径内的所有音频文件====
2023-08-11 02:45:31 - INFO - ====日志文件创建====
2023-08-11 02:45:31 - INFO - 设备连接：
2023-08-11 02:45:37 - INFO - ====检查路径是否合法====
2023-08-11 02:45:37 - INFO - ===保存输入完成===
2023-08-11 02:45:37 - INFO - ====正在搜索路径内的所有音频文件====
2023-08-11 02:45:37 - INFO - ====日志文件创建====
2023-08-11 02:45:37 - INFO - 设备连接：
2023-08-11 02:46:41 - INFO - 加载上一次输入
2023-08-11 02:46:42 - INFO - ====检查路径是否合法====
2023-08-11 02:46:42 - INFO - ===保存输入完成===
2023-08-11 02:46:42 - INFO - ====正在搜索路径内的所有音频文件====
2023-08-11 02:46:42 - INFO - ====日志文件创建====
2023-08-11 02:46:42 - INFO - 设备连接：
2023-08-11 02:47:46 - INFO - 加载上一次输入
2023-08-11 02:47:47 - INFO - ====检查路径是否合法====
2023-08-11 02:47:47 - INFO - ===保存输入完成===
2023-08-11 02:47:47 - INFO - ====正在搜索路径内的所有音频文件====
2023-08-11 02:47:47 - INFO - ====日志文件创建====
2023-08-11 02:47:47 - INFO - 设备连接：1
2023-08-11 02:47:47 - ERROR - [WinError 2] 系统找不到指定的文件。
2023-08-11 02:48:26 - INFO - 加载上一次输入
2023-08-11 02:48:27 - INFO - ====检查路径是否合法====
2023-08-11 02:48:27 - INFO - ===保存输入完成===
2023-08-11 02:48:27 - INFO - ====正在搜索路径内的所有音频文件====
2023-08-11 02:48:27 - INFO - ====日志文件创建====
2023-08-11 02:48:27 - INFO - 设备连接：(1, "'adb' 不是内部或外部命令，也不是可运行的程序\n或批处理文件。\n")
2023-08-11 02:48:27 - ERROR - [WinError 2] 系统找不到指定的文件。
2023-08-11 02:51:16 - INFO - 加载上一次输入
2023-08-11 02:51:16 - INFO - ====检查路径是否合法====
2023-08-11 02:51:16 - INFO - ===保存输入完成===
2023-08-11 02:51:16 - INFO - ====正在搜索路径内的所有音频文件====
2023-08-11 02:51:16 - INFO - ====日志文件创建====
2023-08-11 02:51:16 - INFO - 设备连接：(1, '', "'adb' 不是内部或外部命令，也不是可运行的程序\n或批处理文件。\n")
2023-08-11 02:51:16 - ERROR - [WinError 2] 系统找不到指定的文件。
2023-08-11 02:52:28 - INFO - 加载上一次输入
2023-08-11 02:52:28 - INFO - ====检查路径是否合法====
2023-08-11 02:52:28 - INFO - ===保存输入完成===
2023-08-11 02:52:28 - INFO - ====正在搜索路径内的所有音频文件====
2023-08-11 02:52:28 - INFO - ====日志文件创建====
2023-08-11 02:52:28 - INFO - 设备连接：CompletedProcess(args='adb connect 192.168.207.23', returncode=1, stdout='', stderr="'adb' 不是内部或外部命令，也不是可运行的程序\n或批处理文件。\n")
2023-08-11 02:52:28 - ERROR - [WinError 2] 系统找不到指定的文件。
2023-08-11 14:10:20 - INFO - 加载上一次输入
2023-08-11 14:10:21 - INFO - ====检查路径是否合法====
2023-08-11 14:10:21 - INFO - ===保存输入完成===
2023-08-11 14:10:21 - INFO - ====正在搜索路径内的所有音频文件====
2023-08-11 14:10:21 - INFO - ====日志文件创建====
2023-08-11 14:10:21 - INFO - 设备连接：(1, '', "'adb' 不是内部或外部命令，也不是可运行的程序\n或批处理文件。\n")
2023-08-11 14:10:21 - ERROR - [WinError 2] 系统找不到指定的文件。
2023-08-11 23:52:48 - INFO - 加载上一次输入
2023-08-11 23:52:48 - INFO - ====检查路径是否合法====
2023-08-11 23:52:48 - INFO - ===保存输入完成===
2023-08-11 23:52:48 - INFO - ====正在搜索路径内的所有音频文件====
2023-08-11 23:52:48 - INFO - ====日志文件创建====
2023-08-11 23:52:48 - INFO - 设备连接：(1, '', "'adb' 不是内部或外部命令，也不是可运行的程序\n或批处理文件。\n")
2023-08-11 23:52:48 - ERROR - [WinError 2] 系统找不到指定的文件。
2023-08-11 23:53:00 - INFO - 加载上一次输入
2023-08-12 21:24:58 - INFO - ====检查路径是否合法====
2023-08-12 21:24:58 - INFO - ===保存输入完成===
2023-08-12 21:24:58 - INFO - ====正在搜索路径内的所有音频文件====
2023-08-12 21:25:50 - INFO - 加载上一次输入
2023-08-12 21:26:20 - INFO - ====检查路径是否合法====
2023-08-12 21:26:20 - INFO - ===保存输入完成===
2023-08-12 21:26:20 - INFO - ====正在搜索路径内的所有音频文件====
2023-08-12 21:26:20 - INFO - ====日志文件创建====
2023-08-12 21:26:20 - INFO - 设备连接：(1, '', "'adb' 不是内部或外部命令，也不是可运行的程序\n或批处理文件。\n")
2023-08-12 21:26:20 - ERROR - [WinError 2] 系统找不到指定的文件。
2023-08-12 21:26:57 - INFO - ====检查路径是否合法====
2023-08-12 21:26:57 - INFO - ===保存输入完成===
2023-08-12 21:26:57 - INFO - ====正在搜索路径内的所有音频文件====
2023-08-12 21:26:57 - INFO - ====日志文件创建====
2023-08-12 21:26:57 - INFO - 设备连接：(1, '', "'adb' 不是内部或外部命令，也不是可运行的程序\n或批处理文件。\n")
2023-08-12 21:26:57 - ERROR - [WinError 2] 系统找不到指定的文件。
2023-08-12 21:27:12 - INFO - 加载上一次输入
2023-08-12 21:31:45 - INFO - ====检查路径是否合法====
2023-08-12 21:31:45 - INFO - ===保存输入完成===
2023-08-12 21:31:45 - INFO - ====正在搜索路径内的所有音频文件====
2023-08-12 21:31:45 - INFO - ====日志文件创建====
2023-08-12 21:31:45 - INFO - 设备连接：(1, '', "'adb' 不是内部或外部命令，也不是可运行的程序\n或批处理文件。\n")
2023-08-12 21:31:45 - ERROR - [WinError 2] 系统找不到指定的文件。
2023-08-12 21:33:20 - INFO - ====检查路径是否合法====
2023-08-12 21:33:20 - INFO - ===保存输入完成===
2023-08-12 21:33:20 - INFO - ====正在搜索路径内的所有音频文件====
2023-08-12 21:33:20 - INFO - ====日志文件创建====
2023-08-12 21:33:20 - INFO - 设备连接：(1, '', "'adb' 不是内部或外部命令，也不是可运行的程序\n或批处理文件。\n")
2023-08-12 21:33:20 - ERROR - [WinError 2] 系统找不到指定的文件。
2023-08-12 21:33:47 - INFO - 加载上一次输入
2023-08-12 21:34:21 - INFO - ====检查路径是否合法====
2023-08-12 21:34:21 - INFO - ===保存输入完成===
2023-08-12 21:34:21 - INFO - ====正在搜索路径内的所有音频文件====
2023-08-12 21:34:21 - INFO - ====日志文件创建====
2023-08-12 21:34:21 - INFO - 设备连接：(1, '', "'adb' 不是内部或外部命令，也不是可运行的程序\n或批处理文件。\n")
2023-08-12 21:34:21 - ERROR - [WinError 2] 系统找不到指定的文件。
2023-08-12 21:37:10 - INFO - ====检查路径是否合法====
2023-08-12 21:37:10 - INFO - ===保存输入完成===
2023-08-12 21:37:10 - INFO - ====正在搜索路径内的所有音频文件====
2023-08-12 21:37:10 - INFO - ====日志文件创建====
2023-08-12 21:37:10 - INFO - 设备连接：(1, '', "'adb' 不是内部或外部命令，也不是可运行的程序\n或批处理文件。\n")
2023-08-12 21:37:10 - ERROR - [WinError 2] 系统找不到指定的文件。
2023-08-12 21:38:44 - INFO - ====检查路径是否合法====
2023-08-12 21:38:44 - INFO - ===保存输入完成===
2023-08-12 21:38:44 - INFO - ====正在搜索路径内的所有音频文件====
2023-08-12 21:40:23 - INFO - 加载上一次输入
2023-08-12 21:40:30 - INFO - ====检查路径是否合法====
2023-08-12 21:40:30 - INFO - ===保存输入完成===
2023-08-12 21:40:30 - INFO - ====正在搜索路径内的所有音频文件====
2023-08-12 21:46:25 - INFO - 加载上一次输入
2023-08-12 21:49:01 - INFO - ====检查路径是否合法====
2023-08-12 21:49:01 - INFO - ===保存输入完成===
2023-08-12 21:49:01 - INFO - ====正在搜索路径内的所有音频文件====
2023-08-12 21:49:01 - INFO - ====日志文件创建====
2023-08-12 21:49:01 - INFO - 设备连接：(1, '', "'adb' 不是内部或外部命令，也不是可运行的程序\n或批处理文件。\n")
2023-08-12 21:49:01 - ERROR - [WinError 2] 系统找不到指定的文件。
2023-08-12 21:51:46 - INFO - 加载上一次输入
2023-08-12 21:51:49 - INFO - 加载上一次输入
2023-08-12 21:52:01 - INFO - ====检查路径是否合法====
2023-08-12 21:52:01 - INFO - ===保存输入完成===
2023-08-12 21:52:01 - INFO - ====正在搜索路径内的所有音频文件====
2023-08-12 21:52:01 - INFO - ====日志文件创建====
2023-08-12 21:52:01 - INFO - 设备连接：(1, '', "'adb' 不是内部或外部命令，也不是可运行的程序\n或批处理文件。\n")
2023-08-12 21:52:01 - ERROR - [WinError 2] 系统找不到指定的文件。
2023-08-12 21:52:01 - INFO - ====测试开始====
2023-08-12 21:52:53 - INFO - 加载上一次输入
2023-08-12 21:52:54 - INFO - ====检查路径是否合法====
2023-08-12 21:52:54 - INFO - ===保存输入完成===
2023-08-12 21:52:54 - INFO - ====正在搜索路径内的所有音频文件====
2023-08-12 21:52:54 - INFO - ====日志文件创建====
2023-08-12 21:52:54 - INFO - 设备连接：(1, '', "'adb' 不是内部或外部命令，也不是可运行的程序\n或批处理文件。\n")
2023-08-12 21:52:54 - ERROR - [WinError 2] 系统找不到指定的文件。
2023-08-12 21:52:54 - INFO - ====测试开始====
2023-08-12 21:56:52 - INFO - ====检查路径是否合法====
2023-08-12 21:56:52 - INFO - ===保存输入完成===
2023-08-12 21:56:52 - INFO - ====正在搜索路径内的所有音频文件====
2023-08-12 21:56:52 - INFO - ====日志文件创建====
2023-08-12 21:56:52 - INFO - 设备连接：(1, '', "'adb' 不是内部或外部命令，也不是可运行的程序\n或批处理文件。\n")
2023-08-12 21:56:52 - ERROR - [WinError 2] 系统找不到指定的文件。
2023-08-12 21:56:52 - INFO - ====测试开始====
2023-08-12 21:57:10 - INFO - 加载上一次输入
2023-08-12 21:57:12 - INFO - 加载上一次输入
2023-08-12 21:57:13 - INFO - ====检查路径是否合法====
2023-08-12 21:57:13 - INFO - ===保存输入完成===
2023-08-12 21:57:13 - INFO - ====正在搜索路径内的所有音频文件====
2023-08-12 21:57:13 - INFO - ====日志文件创建====
2023-08-12 21:57:13 - INFO - 设备连接：(1, '', "'adb' 不是内部或外部命令，也不是可运行的程序\n或批处理文件。\n")
2023-08-12 21:57:13 - ERROR - [WinError 2] 系统找不到指定的文件。
2023-08-12 21:57:13 - INFO - ====测试开始====
2023-08-12 21:59:28 - INFO - 加载上一次输入
2023-08-12 21:59:29 - INFO - ====检查路径是否合法====
2023-08-12 21:59:29 - INFO - ===保存输入完成===
2023-08-12 21:59:29 - INFO - ====正在搜索路径内的所有音频文件====
2023-08-12 21:59:29 - INFO - ====日志文件创建====
2023-08-12 21:59:29 - INFO - 设备连接：(1, '', "'adb' 不是内部或外部命令，也不是可运行的程序\n或批处理文件。\n")
2023-08-12 21:59:29 - ERROR - [WinError 2] 系统找不到指定的文件。
2023-08-12 21:59:29 - INFO - ====测试开始====
2023-08-12 22:01:17 - INFO - 加载上一次输入
2023-08-12 22:01:18 - INFO - ====检查路径是否合法====
2023-08-12 22:01:18 - INFO - ===保存输入完成===
2023-08-12 22:01:18 - INFO - ====正在搜索路径内的所有音频文件====
2023-08-12 22:01:18 - INFO - ====日志文件创建====
2023-08-12 22:01:19 - INFO - 设备连接：(1, '', "'adb' 不是内部或外部命令，也不是可运行的程序\n或批处理文件。\n")
2023-08-12 22:01:19 - ERROR - [WinError 2] 系统找不到指定的文件。
2023-08-12 22:01:19 - INFO - ====测试开始====
2023-08-12 22:02:10 - INFO - 加载上一次输入
2023-08-12 22:02:13 - INFO - ====检查路径是否合法====
2023-08-12 22:02:13 - INFO - ===保存输入完成===
2023-08-12 22:02:13 - INFO - ====正在搜索路径内的所有音频文件====
2023-08-12 22:02:13 - INFO - ====日志文件创建====
2023-08-12 22:02:13 - INFO - 设备连接：(1, '', "'adb' 不是内部或外部命令，也不是可运行的程序\n或批处理文件。\n")
2023-08-12 22:02:13 - ERROR - [WinError 2] 系统找不到指定的文件。
2023-08-12 22:02:13 - INFO - ====测试开始====
2023-08-12 22:02:47 - INFO - 加载上一次输入
2023-08-12 22:02:47 - INFO - ====检查路径是否合法====
2023-08-12 22:02:47 - INFO - ===保存输入完成===
2023-08-12 22:02:47 - INFO - ====正在搜索路径内的所有音频文件====
2023-08-12 22:02:47 - INFO - ====日志文件创建====
2023-08-12 22:02:47 - INFO - 设备连接：(1, '', "'adb' 不是内部或外部命令，也不是可运行的程序\n或批处理文件。\n")
2023-08-12 22:02:47 - ERROR - [WinError 2] 系统找不到指定的文件。
2023-08-12 22:02:47 - INFO - ====测试开始====
2023-08-12 22:07:11 - INFO - 加载上一次输入
2023-08-12 22:07:28 - ERROR - [Errno 2] No such file or directory: 'dist_adb_wifi.json'
2023-08-12 22:07:28 - INFO - 加载上一次输入
2023-08-12 22:07:30 - ERROR - [Errno 2] No such file or directory: 'dist_adb_wifi.json'
2023-08-12 22:07:30 - INFO - 加载上一次输入
2023-08-12 22:07:30 - ERROR - [Errno 2] No such file or directory: 'dist_adb_wifi.json'
2023-08-12 22:07:30 - INFO - 加载上一次输入
2023-08-12 22:07:36 - ERROR - [Errno 2] No such file or directory: 'dist_adb.json'
2023-08-12 22:07:36 - INFO - 加载上一次输入
2023-08-12 22:13:02 - ERROR - [Errno 2] No such file or directory: 'dist_serial.json'
2023-08-12 22:13:02 - INFO - 加载上一次输入
2023-08-12 22:13:09 - ERROR - [Errno 2] No such file or directory: 'dist_serial.json'
2023-08-12 22:13:09 - INFO - 加载上一次输入
2023-08-12 22:14:05 - INFO - 加载上一次输入
2023-08-12 22:14:48 - ERROR - [Errno 2] No such file or directory: 'dist_adb_wifi.json'
2023-08-12 22:14:48 - INFO - 加载上一次输入
2023-08-12 22:14:51 - ERROR - [Errno 2] No such file or directory: 'dist_adb.json'
2023-08-12 22:14:51 - INFO - 加载上一次输入
2023-08-12 22:14:54 - ERROR - [Errno 2] No such file or directory: 'dist_serial.json'
2023-08-12 22:14:54 - INFO - 加载上一次输入
2023-08-12 22:30:12 - INFO - 加载上一次输入
2023-08-12 22:30:17 - ERROR - [Errno 2] No such file or directory: 'dist_adb_wifi.json'
2023-08-12 22:30:19 - INFO - 加载上一次输入
2023-08-12 22:31:40 - INFO - 加载上一次输入
2023-08-12 22:31:43 - ERROR - [Errno 2] No such file or directory: 'dist_adb_wifi.json'
2023-08-12 22:31:44 - INFO - 加载上一次输入
2023-08-12 22:32:21 - INFO - 加载上一次输入
2023-08-12 22:32:22 - INFO - ====检查路径是否合法====
2023-08-12 22:32:22 - INFO - ===保存输入完成===
2023-08-12 22:32:22 - INFO - ====正在搜索路径内的所有音频文件====
2023-08-12 22:32:22 - INFO - ====日志文件创建====
2023-08-12 22:32:22 - INFO - 设备连接：(1, '', "'adb' 不是内部或外部命令，也不是可运行的程序\n或批处理文件。\n")
2023-08-12 22:32:22 - ERROR - [WinError 2] 系统找不到指定的文件。
2023-08-12 22:32:22 - INFO - ====测试开始====
2023-08-12 22:32:31 - INFO - NO.1:DCMB_272.wav
2023-08-12 22:32:31 - INFO - expected：hello_mofei 
actual：
2023-08-12 22:32:31 - INFO - result: False

2023-08-12 22:32:36 - INFO - 总数：1 正确数：0
2023-08-12 22:32:36 - INFO - 准确率：0.0% 拒识率：100.0%
2023-08-12 22:32:36 - INFO - 测试完成

2023-08-12 22:33:07 - INFO - ====检查路径是否合法====
2023-08-12 22:33:07 - INFO - ===保存输入完成===
2023-08-12 22:33:07 - INFO - ====正在搜索路径内的所有音频文件====
2023-08-12 22:33:07 - INFO - ====日志文件创建====
2023-08-12 22:34:44 - INFO - ====检查路径是否合法====
2023-08-12 22:34:44 - INFO - ===保存输入完成===
2023-08-12 22:34:44 - INFO - ====正在搜索路径内的所有音频文件====
2023-08-12 22:34:44 - INFO - ====日志文件创建====
2023-08-12 22:34:58 - INFO - 加载上一次输入
2023-08-12 22:35:00 - INFO - ====检查路径是否合法====
2023-08-12 22:35:00 - INFO - ===保存输入完成===
2023-08-12 22:35:00 - INFO - ====正在搜索路径内的所有音频文件====
2023-08-12 22:35:00 - INFO - ====日志文件创建====
2023-08-12 22:35:00 - ERROR - [WinError 2] 系统找不到指定的文件。
2023-08-12 22:35:00 - INFO - ====测试开始====
2023-08-12 22:35:09 - INFO - NO.1:DCMB_272.wav
2023-08-12 22:35:09 - INFO - expected：hello_mofei 
actual：
2023-08-12 22:35:09 - INFO - result: False

2023-08-12 22:35:14 - INFO - 总数：1 正确数：0
2023-08-12 22:35:14 - INFO - 准确率：0.0% 拒识率：100.0%
2023-08-12 22:35:14 - INFO - 测试完成

2023-08-12 22:37:31 - INFO - ====检查路径是否合法====
2023-08-12 22:37:31 - INFO - ===保存输入完成===
2023-08-12 22:37:31 - INFO - ====正在搜索路径内的所有音频文件====
2023-08-12 22:37:31 - INFO - ====日志文件创建====
2023-08-12 22:37:31 - INFO - 设备连接：COM13
2023-08-12 22:37:31 - ERROR - could not open port 'COM13': FileNotFoundError(2, '系统找不到指定的文件。', None, 2)
2023-08-12 22:37:31 - INFO - ====测试开始====
2023-08-12 22:38:23 - INFO - ====检查路径是否合法====
2023-08-12 22:38:23 - INFO - ===保存输入完成===
2023-08-12 22:38:23 - INFO - ====正在搜索路径内的所有音频文件====
2023-08-12 22:38:23 - INFO - ====日志文件创建====
2023-08-12 22:38:23 - INFO - 设备连接：COM13
2023-08-12 22:38:23 - ERROR - could not open port 'COM13': FileNotFoundError(2, '系统找不到指定的文件。', None, 2)
2023-08-12 22:38:23 - INFO - ====测试开始====
2023-08-12 22:41:04 - ERROR - [Errno 2] No such file or directory: 'dist_adb_wifi.json'
2023-08-12 22:41:05 - INFO - 加载上一次输入
2023-08-12 22:43:55 - INFO - ====检查路径是否合法====
2023-08-12 22:43:55 - INFO - ===保存输入完成===
2023-08-12 22:43:55 - INFO - ====正在搜索路径内的所有音频文件====
2023-08-12 22:43:55 - INFO - ====日志文件创建====
2023-08-12 22:43:55 - INFO - 设备连接：(1, '', "'adb' 不是内部或外部命令，也不是可运行的程序\n或批处理文件。\n")
2023-08-12 22:43:55 - ERROR - [WinError 2] 系统找不到指定的文件。
2023-08-12 22:45:19 - INFO - 加载上一次输入
2023-08-12 22:45:25 - INFO - ====检查路径是否合法====
2023-08-12 22:45:25 - INFO - ===保存输入完成===
2023-08-12 22:45:25 - INFO - ====正在搜索路径内的所有音频文件====
2023-08-12 22:45:25 - INFO - ====日志文件创建====
2023-08-12 22:45:25 - INFO - 设备连接：(1, '', "'adb' 不是内部或外部命令，也不是可运行的程序\n或批处理文件。\n")
2023-08-12 22:45:25 - ERROR - [WinError 2] 系统找不到指定的文件。
2023-08-12 22:45:25 - INFO - ====测试开始====
2023-08-12 22:45:54 - INFO - 加载上一次输入
2023-08-12 22:45:56 - INFO - ====检查路径是否合法====
2023-08-12 22:45:56 - INFO - ===保存输入完成===
2023-08-12 22:45:56 - INFO - ====正在搜索路径内的所有音频文件====
2023-08-12 22:45:56 - INFO - ====日志文件创建====
2023-08-12 22:45:56 - INFO - 设备连接：(1, '', "'adb' 不是内部或外部命令，也不是可运行的程序\n或批处理文件。\n")
2023-08-12 22:45:56 - ERROR - [WinError 2] 系统找不到指定的文件。
2023-08-12 22:45:56 - INFO - ====测试开始====
2023-08-12 22:48:48 - INFO - ====检查路径是否合法====
2023-08-12 22:48:48 - INFO - ===保存输入完成===
2023-08-12 22:48:48 - INFO - ====正在搜索路径内的所有音频文件====
2023-08-12 22:48:48 - INFO - ====日志文件创建====
2023-08-12 22:48:48 - INFO - 设备连接：(1, '', "'adb' 不是内部或外部命令，也不是可运行的程序\n或批处理文件。\n")
2023-08-12 22:48:48 - ERROR - [WinError 2] 系统找不到指定的文件。
2023-08-12 22:48:48 - INFO - ====测试开始====
2023-08-12 22:49:01 - INFO - 加载上一次输入
2023-08-12 22:49:03 - INFO - ====检查路径是否合法====
2023-08-12 22:49:03 - INFO - ===保存输入完成===
2023-08-12 22:49:03 - INFO - ====正在搜索路径内的所有音频文件====
2023-08-12 22:49:03 - INFO - ====日志文件创建====
2023-08-12 22:49:03 - INFO - 设备连接：(1, '', "'adb' 不是内部或外部命令，也不是可运行的程序\n或批处理文件。\n")
2023-08-12 22:49:03 - ERROR - [WinError 2] 系统找不到指定的文件。
2023-08-12 22:49:03 - INFO - ====测试开始====
2023-08-12 22:49:37 - INFO - 测试暂停
2023-08-12 22:49:41 - INFO - 测试继续
2023-08-12 22:49:56 - INFO - 测试暂停
2023-08-12 22:49:58 - INFO - 测试继续
2023-08-12 22:51:12 - INFO - 测试已终止
2023-08-12 22:51:41 - INFO - ====检查路径是否合法====
2023-08-12 22:51:41 - INFO - ===保存输入完成===
2023-08-12 22:51:41 - INFO - ====正在搜索路径内的所有音频文件====
2023-08-12 22:51:41 - INFO - ====日志文件创建====
2023-08-12 22:51:41 - ERROR - [WinError 2] 系统找不到指定的文件。
2023-08-12 22:51:41 - INFO - ====测试开始====
2023-08-12 22:52:38 - INFO - 测试暂停
2023-08-12 22:53:00 - INFO - 测试继续
2023-08-12 22:56:36 - INFO - 测试已终止
2023-08-12 22:56:47 - INFO - ====检查路径是否合法====
2023-08-12 22:56:47 - INFO - ===保存输入完成===
2023-08-12 22:56:47 - INFO - ====正在搜索路径内的所有音频文件====
2023-08-12 22:56:47 - INFO - ====日志文件创建====
2023-08-12 22:56:47 - INFO - 设备连接：COM13
2023-08-12 22:56:47 - ERROR - could not open port 'COM13': FileNotFoundError(2, '系统找不到指定的文件。', None, 2)
2023-08-12 22:56:47 - INFO - ====测试开始====
2023-08-12 22:59:05 - INFO - 加载上一次输入
2023-08-12 22:59:07 - INFO - ====检查路径是否合法====
2023-08-12 22:59:07 - INFO - ===保存输入完成===
2023-08-12 22:59:07 - INFO - ====正在搜索路径内的所有音频文件====
2023-08-12 22:59:07 - INFO - ====日志文件创建====
2023-08-12 22:59:07 - INFO - 设备连接：(1, '', "'adb' 不是内部或外部命令，也不是可运行的程序\n或批处理文件。\n")
2023-08-12 22:59:07 - ERROR - [WinError 2] 系统找不到指定的文件。
2023-08-12 22:59:07 - INFO - ====测试开始====
2023-08-12 22:59:14 - INFO - 测试已终止
2023-08-12 22:59:15 - INFO - NO.1:DCMB_272.wav
2023-08-12 22:59:15 - INFO - expected：hello_mofei 
actual：
2023-08-12 22:59:15 - INFO - result: False

2023-08-12 22:59:20 - INFO - 总数：1 正确数：0
2023-08-12 22:59:20 - INFO - 准确率：0.0% 拒识率：100.0%
2023-08-12 22:59:20 - INFO - 测试完成

2023-08-12 22:59:28 - INFO - 加载上一次输入
2023-08-12 22:59:29 - INFO - ====检查路径是否合法====
2023-08-12 22:59:29 - INFO - ===保存输入完成===
2023-08-12 22:59:29 - INFO - ====正在搜索路径内的所有音频文件====
2023-08-12 22:59:29 - INFO - ====日志文件创建====
2023-08-12 22:59:29 - INFO - 设备连接：(1, '', "'adb' 不是内部或外部命令，也不是可运行的程序\n或批处理文件。\n")
2023-08-12 22:59:29 - ERROR - [WinError 2] 系统找不到指定的文件。
2023-08-12 22:59:29 - INFO - ====测试开始====
2023-08-12 22:59:29 - INFO - 当前语料：C:\Users\神殒魔灭\Desktop\哈喽魔飞\测试集wav\DCMB_272.wav
2023-08-12 22:59:46 - ERROR - 未成功唤醒
2023-08-12 23:00:03 - ERROR - 未成功唤醒
2023-08-12 23:00:20 - ERROR - 未成功唤醒
2023-08-12 23:00:37 - ERROR - 未成功唤醒
2023-08-12 23:00:54 - ERROR - 未成功唤醒
2023-08-12 23:01:11 - ERROR - 未成功唤醒
2023-08-12 23:01:28 - ERROR - 未成功唤醒
2023-08-13 10:11:43 - INFO - 加载上一次输入
2023-08-13 10:11:44 - INFO - ====检查路径是否合法====
2023-08-13 10:11:44 - INFO - ===保存输入完成===
2023-08-13 10:11:44 - INFO - ====正在搜索路径内的所有音频文件====
2023-08-13 10:11:44 - INFO - ====日志文件创建====
2023-08-13 10:11:44 - INFO - 设备连接：(1, '', "'adb' 不是内部或外部命令，也不是可运行的程序\n或批处理文件。\n")
2023-08-13 10:11:44 - ERROR - [WinError 2] 系统找不到指定的文件。
2023-08-14 21:37:57 - INFO - 加载上一次输入
2023-08-14 21:37:58 - INFO - ====检查路径是否合法====
2023-08-14 21:37:58 - INFO - ===保存输入完成===
2023-08-14 21:37:58 - INFO - ====正在搜索路径内的所有音频文件====
2023-08-14 21:37:58 - INFO - ====日志文件创建====
2023-08-14 21:37:58 - INFO - 设备连接：COM13
2023-08-14 21:37:58 - ERROR - could not open port 'COM13': FileNotFoundError(2, '系统找不到指定的文件。', None, 2)
2023-08-15 00:21:52 - INFO - 加载上一次输入
2023-08-15 00:21:54 - INFO - ====检查路径是否合法====
2023-08-15 00:21:54 - INFO - ===保存输入完成===
2023-08-15 00:21:54 - INFO - ====正在搜索路径内的所有音频文件====
2023-08-15 00:21:54 - INFO - ====日志文件创建====
2023-08-15 00:21:54 - INFO - 设备连接：COM13
2023-08-15 00:21:54 - ERROR - could not open port 'COM13': FileNotFoundError(2, '系统找不到指定的文件。', None, 2)
2023-08-15 00:37:27 - INFO - 加载上一次输入
2023-08-15 00:37:28 - INFO - ====检查路径是否合法====
2023-08-15 00:37:28 - INFO - ===保存输入完成===
2023-08-15 00:37:28 - INFO - ====正在搜索路径内的所有音频文件====
2023-08-15 00:37:28 - INFO - ====日志文件创建====
2023-08-15 00:37:28 - INFO - 设备连接：(1, '', "'adb' 不是内部或外部命令，也不是可运行的程序\n或批处理文件。\n")
2023-08-15 00:37:28 - ERROR - [WinError 2] 系统找不到指定的文件。
2023-08-15 00:37:31 - INFO - 加载上一次输入
2023-08-15 00:37:32 - INFO - ====检查路径是否合法====
2023-08-15 00:37:32 - INFO - ===保存输入完成===
2023-08-15 00:37:32 - INFO - ====正在搜索路径内的所有音频文件====
2023-08-15 00:37:32 - INFO - ====日志文件创建====
2023-08-15 00:37:32 - INFO - 设备连接：COM13
2023-08-15 00:37:32 - ERROR - could not open port 'COM13': FileNotFoundError(2, '系统找不到指定的文件。', None, 2)
2023-09-22 20:08:09 - INFO - 加载上一次输入
2023-09-22 20:08:11 - INFO - ====检查路径是否合法====
2023-09-22 20:08:11 - INFO - ===保存输入完成===
2023-09-22 20:08:11 - INFO - ====正在搜索路径内的所有音频文件====
2023-09-22 20:08:11 - INFO - ====日志文件创建====
2023-09-22 20:08:11 - INFO - 设备连接：(1, '', "'adb' 不是内部或外部命令，也不是可运行的程序\n或批处理文件。\n")
2023-09-22 20:08:11 - ERROR - [WinError 2] 系统找不到指定的文件。
2023-09-22 20:33:28 - INFO - 加载上一次输入
2023-09-22 20:33:29 - INFO - ====检查路径是否合法====
2023-09-22 20:33:29 - INFO - ===保存输入完成===
2023-09-22 20:33:29 - INFO - ====正在搜索路径内的所有音频文件====
2023-09-22 20:33:29 - INFO - ====日志文件创建====
2023-09-22 20:33:29 - INFO - 设备连接：(1, '', "'adb' 不是内部或外部命令，也不是可运行的程序\n或批处理文件。\n")
2023-09-22 20:33:29 - ERROR - [WinError 2] 系统找不到指定的文件。
2023-09-23 03:24:35 - INFO - 加载上一次输入
